
  .   ____          _            __ _ _
 /\\ / ___'_ __ _ _(_)_ __  __ _ \ \ \ \
( ( )\___ | '_ | '_| | '_ \/ _` | \ \ \ \
 \\/  ___)| |_)| | | | | || (_| |  ) ) ) )
  '  |____| .__|_| |_|_| |_\__, | / / / /
 =========|_|==============|___/=/_/_/_/

 :: Spring Boot ::                (v3.5.0)

2026-05-25T18:27:27.817+08:00  INFO 14852 --- [           main] com.ugnay.ugnay.UgnayApplication         : Starting UgnayApplication v0.0.1-SNAPSHOT using Java 23.0.2 with PID 14852 (C:\Users\Admin\Desktop\UGNAY\UGNAY\backend\target\ugnay-0.0.1-SNAPSHOT.jar started by Admin in C:\Users\Admin\Desktop\UGNAY\UGNAY\backend)
2026-05-25T18:27:27.826+08:00  INFO 14852 --- [           main] com.ugnay.ugnay.UgnayApplication         : No active profile set, falling back to 1 default profile: "default"
2026-05-25T18:27:32.463+08:00  INFO 14852 --- [           main] .s.d.r.c.RepositoryConfigurationDelegate : Bootstrapping Spring Data JPA repositories in DEFAULT mode.
2026-05-25T18:27:33.207+08:00  INFO 14852 --- [           main] .s.d.r.c.RepositoryConfigurationDelegate : Finished Spring Data repository scanning in 700 ms. Found 5 JPA repository interfaces.
2026-05-25T18:27:36.134+08:00  INFO 14852 --- [           main] o.s.b.w.embedded.tomcat.TomcatWebServer  : Tomcat initialized with port 8080 (http)
2026-05-25T18:27:36.186+08:00  INFO 14852 --- [           main] o.apache.catalina.core.StandardService   : Starting service [Tomcat]
2026-05-25T18:27:36.186+08:00  INFO 14852 --- [           main] o.apache.catalina.core.StandardEngine    : Starting Servlet engine: [Apache Tomcat/10.1.41]
2026-05-25T18:27:36.403+08:00  INFO 14852 --- [           main] o.a.c.c.C.[Tomcat].[localhost].[/]       : Initializing Spring embedded WebApplicationContext
2026-05-25T18:27:36.412+08:00  INFO 14852 --- [           main] w.s.c.ServletWebServerApplicationContext : Root WebApplicationContext: initialization completed in 8159 ms
2026-05-25T18:27:38.792+08:00  INFO 14852 --- [           main] o.hibernate.jpa.internal.util.LogHelper  : HHH000204: Processing PersistenceUnitInfo [name: default]
2026-05-25T18:27:39.245+08:00  INFO 14852 --- [           main] org.hibernate.Version                    : HHH000412: Hibernate ORM core version 6.6.15.Final
2026-05-25T18:27:39.483+08:00  INFO 14852 --- [           main] o.h.c.internal.RegionFactoryInitiator    : HHH000026: Second-level cache disabled
2026-05-25T18:27:41.075+08:00  INFO 14852 --- [           main] o.s.o.j.p.SpringPersistenceUnitInfo      : No LoadTimeWeaver setup: ignoring JPA class transformer
2026-05-25T18:27:41.206+08:00  INFO 14852 --- [           main] com.zaxxer.hikari.HikariDataSource       : HikariPool-1 - Starting...
2026-05-25T18:27:44.044+08:00  INFO 14852 --- [           main] com.zaxxer.hikari.pool.HikariPool        : HikariPool-1 - Added connection org.postgresql.jdbc.PgConnection@73dbe25
2026-05-25T18:27:44.050+08:00  INFO 14852 --- [           main] com.zaxxer.hikari.HikariDataSource       : HikariPool-1 - Start completed.
2026-05-25T18:27:44.291+08:00  WARN 14852 --- [           main] org.hibernate.orm.deprecation            : HHH90000025: PostgreSQLDialect does not need to be specified explicitly using 'hibernate.dialect' (remove the property setting and it will be selected by default)
2026-05-25T18:27:44.728+08:00  INFO 14852 --- [           main] org.hibernate.orm.connections.pooling    : HHH10001005: Database info:
	Database JDBC URL [Connecting through datasource 'HikariDataSource (HikariPool-1)']
	Database driver: undefined/unknown
	Database version: 17.6
	Autocommit mode: undefined/unknown
	Isolation level: undefined/unknown
	Minimum pool size: undefined/unknown
	Maximum pool size: undefined/unknown
2026-05-25T18:27:48.160+08:00  INFO 14852 --- [           main] o.h.e.t.j.p.i.JtaPlatformInitiator       : HHH000489: No JTA platform available (set 'hibernate.transaction.jta.platform' to enable JTA platform integration)
2026-05-25T18:27:48.897+08:00  INFO 14852 --- [           main] j.LocalContainerEntityManagerFactoryBean : Initialized JPA EntityManagerFactory for persistence unit 'default'
2026-05-25T18:27:50.714+08:00  INFO 14852 --- [           main] o.s.d.j.r.query.QueryEnhancerFactory     : Hibernate is in classpath; If applicable, HQL parser will be used.
2026-05-25T18:27:54.731+08:00  WARN 14852 --- [           main] JpaBaseConfiguration$JpaWebConfiguration : spring.jpa.open-in-view is enabled by default. Therefore, database queries may be performed during view rendering. Explicitly configure spring.jpa.open-in-view to disable this warning
2026-05-25T18:27:56.030+08:00  WARN 14852 --- [           main] .s.s.UserDetailsServiceAutoConfiguration : 

Using generated security password: c64e2ac8-709b-4305-947c-a0bd5b673201

This generated password is for development use only. Your security configuration must be updated before running your application in production.

2026-05-25T18:27:56.082+08:00  INFO 14852 --- [           main] r$InitializeUserDetailsManagerConfigurer : Global AuthenticationManager configured with UserDetailsService bean with name inMemoryUserDetailsManager
2026-05-25T18:27:57.934+08:00  INFO 14852 --- [           main] o.s.b.w.embedded.tomcat.TomcatWebServer  : Tomcat started on port 8080 (http) with context path '/'
2026-05-25T18:27:57.967+08:00  INFO 14852 --- [           main] com.ugnay.ugnay.UgnayApplication         : Started UgnayApplication in 32.159 seconds (process running for 35.087)
